[2024-03-14 01:33:34,561] [INFO] [server_logger.py:29] Logger initialized
[2024-03-14 01:33:34,584] [INFO] [login.py:17] Connection Successful
[2024-03-14 01:33:34,587] [INFO] [register.py:17] Connection Successful
[2024-03-14 01:33:34,589] [INFO] [survey.py:15] Connection Successful
[2024-03-14 01:33:34,593] [INFO] [query.py:13] Connection Successful
[2024-03-14 01:33:46,649] [WARNING] [login.py:45] Invalid login attempt with email: iad@dsf.add
[2024-03-14 01:33:48,690] [WARNING] [login.py:42] Invalid login attempt for email: ss@ss.ss
[2024-03-14 01:33:52,776] [INFO] [login.py:33] Successful login for user: ss@ss.ss
[2024-03-14 01:33:54,895] [INFO] [register_controller.py:14] User registration successful
[2024-03-14 01:33:56,929] [INFO] [register.py:34] Added user with ID 7
[2024-03-14 01:33:56,930] [INFO] [register_controller.py:14] User registration successful
[2024-03-14 01:33:58,965] [INFO] [register_controller.py:27] User registration successful
[2024-03-14 01:34:01,008] [INFO] [register.py:55] Added user with ID 63
[2024-03-14 01:34:01,009] [INFO] [register_controller.py:27] User registration successful
[2024-03-14 01:43:01,182] [WARNING] [login.py:45] Invalid login attempt with email: iad@dsf.add
[2024-03-14 01:43:03,225] [WARNING] [login.py:42] Invalid login attempt for email: ss@ss.ss
[2024-03-14 01:43:07,312] [INFO] [login.py:33] Successful login for user: ss@ss.ss
[2024-03-14 01:43:09,371] [INFO] [register_controller.py:14] User registration successful
[2024-03-14 01:43:11,414] [INFO] [register_controller.py:14] User registration successful
[2024-03-14 01:43:13,506] [INFO] [register_controller.py:27] User registration successful
[2024-03-14 01:43:15,551] [INFO] [register_controller.py:27] User registration successful
